<?xml version="1.0" encoding="UTF-8" ?>
<testsuite tests="6" failures="0" name="cucumber.Options.TestRuner" time="15.385" errors="0" skipped="0">
  <properties>
    <property name="java.runtime.name" value="Java(TM) SE Runtime Environment"/>
    <property name="java.vm.version" value="11.0.10+8-LTS-162"/>
    <property name="sun.boot.library.path" value="C:\Program Files\Java\jdk-11.0.10\bin"/>
    <property name="maven.multiModuleProjectDirectory" value="C:\Users\iankoh.SOFTALLIANCE\eclipse-workspace\RestassuredTest"/>
    <property name="java.vm.vendor" value="Oracle Corporation"/>
    <property name="java.vendor.url" value="https://openjdk.java.net/"/>
    <property name="guice.disable.misplaced.annotation.check" value="true"/>
    <property name="path.separator" value=";"/>
    <property name="java.vm.name" value="Java HotSpot(TM) 64-Bit Server VM"/>
    <property name="sun.os.patch.level" value=""/>
    <property name="user.script" value=""/>
    <property name="user.country" value="US"/>
    <property name="sun.java.launcher" value="SUN_STANDARD"/>
    <property name="java.vm.specification.name" value="Java Virtual Machine Specification"/>
    <property name="user.dir" value="C:\Users\iankoh.SOFTALLIANCE\eclipse-workspace\RestassuredTest"/>
    <property name="java.vm.compressedOopsMode" value="Zero based"/>
    <property name="java.runtime.version" value="11.0.10+8-LTS-162"/>
    <property name="java.awt.graphicsenv" value="sun.awt.Win32GraphicsEnvironment"/>
    <property name="os.arch" value="amd64"/>
    <property name="java.io.tmpdir" value="C:\Users\IANKOH~1.SOF\AppData\Local\Temp\"/>
    <property name="line.separator" value="
"/>
    <property name="java.vm.specification.vendor" value="Oracle Corporation"/>
    <property name="user.variant" value=""/>
    <property name="os.name" value="Windows 10"/>
    <property name="classworlds.conf" value="C:\Users\iankoh.SOFTALLIANCE\Documents\maven\apache-maven-3.6.3\bin\..\bin\m2.conf"/>
    <property name="sun.jnu.encoding" value="Cp1252"/>
    <property name="java.library.path" value="C:\Program Files\Java\jdk-11.0.10\bin;C:\WINDOWS\Sun\Java\bin;C:\WINDOWS\system32;C:\WINDOWS;C:\Program Files\Java\jdk-11.0.10\bin;C:\Program Files\Common Files\Oracle\Java\javapath;C:\Program Files\Python39\Scripts\;C:\Program Files\Python39\;C:\oraclexe\app\oracle\product\11.2.0\server\bin;C:\Program Files (x86)\Common Files\Oracle\Java\javapath;C:\WINDOWS\system32;C:\WINDOWS;C:\WINDOWS\System32\Wbem;C:\WINDOWS\System32\WindowsPowerShell\v1.0\;C:\WINDOWS\System32\OpenSSH\;C:\strawberry\c\bin;C:\strawberry\perl\bin;C:\Program Files\nodejs\;C:\Program Files\Git\cmd;C:\Program Files\Git\mingw64\bin;C:\Program Files\Git\usr\bin;C:\Program Files\Java\jdk-11.0.10\bin;C:\Users\iankoh.SOFTALLIANCE\Documents\maven\apache-maven-3.6.3\bin;C:\Users\iankoh.SOFTALLIANCE\AppData\Local\Android\Sdk\emulator;C:\Users\iankoh.SOFTALLIANCE\AppData\Local\Android\Sdk\tools;C:\Users\iankoh.SOFTALLIANCE\AppData\Local\Android\Sdk\tools\bin;C:\Users\iankoh.SOFTALLIANCE\AppData\Local\Android\Sdk\platform-tools;C:\Users\iankoh.SOFTALLIANCE\AppData\Local\Programs\Python\Python39\Scripts\;C:\Users\iankoh.SOFTALLIANCE\AppData\Local\Programs\Python\Python39\;C:\Users\iankoh.SOFTALLIANCE\AppData\Local\Programs\Python\Launcher\;C:\Users\iankoh.SOFTALLIANCE\AppData\Local\Microsoft\WindowsApps;;C:\Users\iankoh.SOFTALLIANCE\AppData\Local\JetBrains\IntelliJ IDEA Community Edition 2019.3.3\bin;;C:\Users\iankoh.SOFTALLIANCE\AppData\Local\Programs\Microsoft VS Code\bin;C:\Users\iankoh.SOFTALLIANCE\AppData\Roaming\npm;."/>
    <property name="maven.conf" value="C:\Users\iankoh.SOFTALLIANCE\Documents\maven\apache-maven-3.6.3\bin\../conf"/>
    <property name="jdk.debug" value="release"/>
    <property name="java.class.version" value="55.0"/>
    <property name="java.specification.name" value="Java Platform API Specification"/>
    <property name="sun.management.compiler" value="HotSpot 64-Bit Tiered Compilers"/>
    <property name="os.version" value="10.0"/>
    <property name="library.jansi.path" value="C:\Users\iankoh.SOFTALLIANCE\Documents\maven\apache-maven-3.6.3\bin\..\lib\jansi-native"/>
    <property name="user.home" value="C:\Users\iankoh.SOFTALLIANCE"/>
    <property name="user.timezone" value="Africa/Luanda"/>
    <property name="java.awt.printerjob" value="sun.awt.windows.WPrinterJob"/>
    <property name="file.encoding" value="Cp1252"/>
    <property name="java.specification.version" value="11"/>
    <property name="user.name" value="iankoh"/>
    <property name="java.class.path" value="C:\Users\iankoh.SOFTALLIANCE\Documents\maven\apache-maven-3.6.3\bin\..\boot\plexus-classworlds-2.6.0.jar"/>
    <property name="java.vm.specification.version" value="11"/>
    <property name="sun.arch.data.model" value="64"/>
    <property name="sun.java.command" value="org.codehaus.plexus.classworlds.launcher.Launcher test verify"/>
    <property name="java.home" value="C:\Program Files\Java\jdk-11.0.10"/>
    <property name="user.language" value="en"/>
    <property name="java.specification.vendor" value="Oracle Corporation"/>
    <property name="awt.toolkit" value="sun.awt.windows.WToolkit"/>
    <property name="java.vm.info" value="mixed mode"/>
    <property name="java.version" value="11.0.10"/>
    <property name="java.vendor" value="Oracle Corporation"/>
    <property name="sun.stderr.encoding" value="cp437"/>
    <property name="maven.home" value="C:\Users\iankoh.SOFTALLIANCE\Documents\maven\apache-maven-3.6.3\bin\.."/>
    <property name="file.separator" value="\"/>
    <property name="java.version.date" value="2021-01-19"/>
    <property name="java.vendor.url.bug" value="https://bugreport.java.com/bugreport/"/>
    <property name="sun.io.unicode.encoding" value="UnicodeLittle"/>
    <property name="sun.cpu.endian" value="little"/>
    <property name="java.vendor.version" value="18.9"/>
    <property name="sun.stdout.encoding" value="cp437"/>
    <property name="sun.desktop" value="windows"/>
    <property name="sun.cpu.isalist" value="amd64"/>
  </properties>
  <testcase classname="Validate AddPlace API" name="Validate that user can send AddPlace successfully #1" time="7.53"/>
  <testcase classname="Validate AddPlace API" name="Validate that user can send AddPlace successfully #2" time="1.508"/>
  <testcase classname="Validate AddPlace API" name="Validate that user can send AddPlace successfully #3" time="1.585"/>
  <testcase classname="Validate AddPlace API" name="Validate that user can send AddPlace successfully #4" time="1.393"/>
  <testcase classname="Validate AddPlace API" name="Validate that user can send AddPlace successfully #5" time="1.35"/>
  <testcase classname="Validate AddPlace API" name="Validate that user can Delete" time="2.019"/>
</testsuite>